[LOG] SystemI::init                            : FMOD Studio Version: 00010700 (121212)
[LOG] SystemI::init                            : maxchannels = 128, flags = 00030000, extradriverdata = 0000000000000000
[LOG] SystemI::close                           : 
[LOG] SystemI::close                           : Stop all sounds
[LOG] SystemI::close                           : Remove miscllaneous DSP stuff.
[LOG] SystemI::close                           : done.

[LOG] OutputWASAPI::init                       : Mix Format (WAVEFORMATEX): wFormatTag=0xFFFE, nChannels=2, nSamplesPerSec=48000, nAvgBytesPerSec=384000, nBlockAlign=8, wBitsPerSample=32, cbSize=22.
[LOG] OutputWASAPI::init                       : Mix Format (WAVEFORMATEXTENSIBLE): wValidBitsPerSample=32, dwChannelMask=0x00000003, SubFormat=00000003-0000-0010-8000-00AA00389B71.
[LOG] Thread::initThread                       : Initializing FMOD (WASAPI) feeder thread.  priority 0
[LOG] Thread::initThread                       : - Stacksize 0.  Stack pointer 0000000000000000 : usesemaphore = 0 : sleeptime = 0
[LOG] Thread::callback                         : * FMOD (WASAPI) feeder thread started
[LOG] Thread::initThread                       : Initializing FMOD mixer thread.  priority 2
[LOG] OutputWASAPI::feederUpdate               : WASAPI feeder thread set to 'Audio' characteristic
[LOG] Thread::initThread                       : - Stacksize 49152.  Stack pointer 0000000000000000 : usesemaphore = 1 : sleeptime = 0
[LOG] Thread::callback                         : * FMOD mixer thread started
[LOG] SystemI::init                            : Set up emulated output
[LOG] SystemI::init                            : create the channel pool
[LOG] SystemI::init                            : Set up streamer
[LOG] Thread::initThread                       : Initializing FMOD stream thread.  priority 2
[LOG] Thread::initThread                       : - Stacksize 65536.  Stack pointer 0000000000000000 : usesemaphore = 0 : sleeptime = 10
[LOG] Thread::callback                         : * FMOD stream thread started
[LOG] Thread::initThread                       : Initializing FMOD Studio update thread.  priority 0
[LOG] Thread::initThread                       : - Stacksize 65536.  Stack pointer 0000000000000000 : usesemaphore = 0 : sleeptime = 1
[LOG] Thread::callback                         : * FMOD Studio update thread started
[LOG] LiveUpdate::init                         : 
[LOG] Thread::initThread                       : Initializing FMOD Studio load thread.  priority 0
[LOG] Thread::initThread                       : - Stacksize 65536.  Stack pointer 0000000000000000 : usesemaphore = 0 : sleeptime = 1
[LOG] Thread::callback                         : * FMOD Studio load thread started
[LOG] Profile::init                            : Profiler listening on port: 9265
[LOG] Manager::readBank                        : fileversion = 67, compatVersion = 67 (oldest = 44, newest = 68)
[LOG] Manager::readBank                        : fileversion = 67, compatVersion = 67 (oldest = 44, newest = 68)
[LOG] SystemI::createSound                     : filename = C:/Users/andrew.giannopoulos/Documents/StrainAlpha/StrainAlpha/Assets/Sounds/StrainAlphaSounds\Build\Desktop/Master Bank.bank : mode 0a010202
[LOG] SystemI::createSound                     : FMOD_NONBLOCKING specified.  Putting into queue to be opened asynchronously!
[LOG] OutputSoftware::createSample             : lengthpcm 0, lengthbytes 0, channels 0, format 0, freq 0, mode 00000000
[LOG] Thread::initThread                       : Initializing FMOD nonblocking thread (0).  priority 1
[LOG] Thread::initThread                       : - Stacksize 81920.  Stack pointer 0000000000000000 : usesemaphore = 1 : sleeptime = 0
[LOG] Thread::callback                         : * FMOD nonblocking thread (0) started
<<<<<<< HEAD
[LOG] SystemI::createSound                     : setdata soundi = 00000000003CD478 : node = 0000000024DDECD0
[LOG] SystemI::createSound                     : add node to async list : head = 0000000024139D50.  list count = 0
[LOG] SystemI::createSound                     : filename = C:/Users/iain.dowling/Desktop/StrainAlpha/StrainAlpha/Assets/Sounds/StrainAlphaSounds\Build\Desktop/Master Bank.bank : mode 0a010202
[LOG] AsyncThread::threadFunc                  : Starting Asynchronous operation on sound 00000000003CD478
[LOG] SystemI::createSoundInternal             :     filename = C:/Users/iain.dowling/Desktop/StrainAlpha/StrainAlpha/Assets/Sounds/StrainAlphaSounds\Build\Desktop/Master Bank.bank : mode 0a010202
[LOG] SystemI::createSound                     :     FMOD_NONBLOCKING specified.  Putting into queue to be opened asynchronously!
[LOG] SystemI::createSoundInternal             :     exinfo->cbsize             = 216
[LOG] SystemI::createSoundInternal             :     exinfo->length             = 945568
[LOG] SystemI::createSoundInternal             :     exinfo->fileoffset         = 9728
[LOG] OutputSoftware::createSample             :     lengthpcm 0, lengthbytes 0, channels 0, format 0, freq 0, mode 00000000
[LOG] SystemI::createSoundInternal             :     exinfo->numsubsounds       = 1
[LOG] SystemI::createSound                     :     setdata soundi = 0000000024ADFCA8 : node = 0000000024DDEB90
[LOG] SystemI::createSoundInternal             :     exinfo->inclusionlist      = 0000000024DDEDD8
[LOG] SystemI::createSound                     :     add node to async list : head = 0000000024139D50.  list count = 0
[LOG] SystemI::createSoundInternal             :     exinfo->inclusionlistnum   = 1
[LOG] SystemI::createSoundInternal             :     exinfo->suggestedsoundtype = 5
/Desktop/StrainAlpha/StrainAlpha/Assets/Sounds/StrainAlphaSounds\Build\Desktop/Master Bank.bank : mode 0a010202
[LOG] SystemI::createSound                     :     FMOD_NONBLOCKING specified.  Putting into queue to be opened asynchronously!
[LOG] SystemI::createSoundInternal             :     exinfo->initialseekpostype = 1
[LOG] OutputSoftware::createSample             :     lengthpcm 0, lengthbytes 0, channels 0, format 0, freq 0, mode 00000000
=======
[LOG] SystemI::createSound                     : setdata soundi = 00000000238A6108 : node = 0000000023674390
[LOG] SystemI::createSound                     : add node to async list : head = 0000000023BF7E80.  list count = 0
[LOG] SystemI::createSound                     : filename = C:/Users/andrew.giannopoulos/Documents/StrainAlpha/StrainAlpha/Assets/Sounds/StrainAlphaSounds\Build\Desktop/Master Bank.bank : mode 0a010202
[LOG] AsyncThread::threadFunc                  : Starting Asynchronous operation on sound 00000000238A6108
[LOG] SystemI::createSound                     :     FMOD_NONBLOCKING specified.  Putting into queue to be opened asynchronously!
[LOG] SystemI::createSoundInternal             :     filename = C:/Users/andrew.giannopoulos/Documents/StrainAlpha/StrainAlpha/Assets/Sounds/StrainAlphaSounds\Build\Desktop/Master Bank.bank : mode 0a010202
[LOG] OutputSoftware::createSample             :     lengthpcm 0, lengthbytes 0, channels 0, format 0, freq 0, mode 00000000
[LOG] SystemI::createSoundInternal             :     exinfo->length             = 945568
[LOG] SystemI::createSound                     :     setdata soundi = 00000000238A7238 : node = 0000000023674250
[LOG] SystemI::createSound                     :     add node to async list : head = 0000000023BF7E80.  list count = 0
[LOG] SystemI::createSound                     :     filename = C:/Users/andrew.giannopoulos/Documents/StrainAlpha/StrainAlpha/Assets/Sounds/StrainAlphaSounds\Build\Desktop/Master Bank.bank : mode 0a010202
[LOG] SystemI::createSound                     :     FMOD_NONBLOCKING specified.  Putting into queue to be opened asynchronously!
[LOG] SystemI::createSoundInternal             :     exinfo->inclusionlistnum   = 1
nels 0, format 0, freq 0, mode 00000000
[LOG] SystemI::createSound                     :     setdata soundi = 00000000231B33F8 : node = 0000000023673E90
[LOG] SystemI::createSound                     :     add node to async list : head = 0000000023BF7E80.  list count = 1
[LOG] SystemI::createSound                     :     filename = C:/Users/andrew.giannopoulos/Documents/StrainAlpha/StrainAlpha/Assets/Sounds/StrainAlphaSounds\Build\Desktop/Master Bank.bank : mode 0a010202
>>>>>>> c9d48a56ce83900398f11412d783c818ddd8ee2c
[LOG] SystemI::createSoundInternal             :     Format has 1 subsounds.
[LOG] SystemI::createSound                     :     setdata soundi = 0000000024ADFE38 : node = 0000000024DDF090
[LOG] SystemI::createSoundInternal             :     Create as FMOD_CREATESAMPLE
<<<<<<< HEAD
[LOG] SystemI::createSound                     :     add node to async list : head = 0000000024139D50.  list count = 1
[LOG] SystemI::createSoundInternal             :     creating subsound 0/1
[LOG] SystemI::createSound                     :     filename = C:/Users/iain.dowling/Desktop/StrainAlpha/StrainAlpha/Assets/Sounds/StrainAlphaSounds\Build\Desktop/Master Bank.bank : mode 0a010202
[LOG] SystemI::createSample                    :     mode 0a010202 length 36920 samples, lengthbytes 10176
[LOG] SystemI::createSample                    :     channels = 2
[LOG] SystemI::createSound                     :     FMOD_NONBLOCKING specified.  Putting into queue to be opened asynchronously!
[LOG] OutputSoftware::createSample             :     lengthpcm 0, lengthbytes 0, channels 0, format 0, freq 0, mode 00000000
[LOG] SystemI::createSound                     :     setdata soundi = 0000000024ADFFC8 : node = 0000000024DDF1D0
=======
[LOG] SystemI::createSound                     :     FMOD_NONBLOCKING specified.  Putting into queue to be opened asynchronously!
[LOG] OutputSoftware::createSample             :     lengthpcm 0, lengthbytes 0, channels 0, format 0, freq 0, mode 00000000
[LOG] SystemI::createSoundInternal             :     Multi-sample sound (1 subsounds), create a sample container.
[LOG] SystemI::createSound                     :     setdata soundi = 000000001A19C618 : node = 00000000236744D0
[LOG] SystemI::createSound                     :     add node to async list : head = 0000000023BF7E80.  list count = 2
[LOG] SystemI::createSample                    :     channels = 2
[LOG] SystemI::createSample                    :     output = 00000000238A8AF8
>>>>>>> c9d48a56ce83900398f11412d783c818ddd8ee2c
[LOG] OutputSoftware::createSample             :     lengthpcm 36920, lengthbytes 10176, channels 2, format 2, freq 48000, mode 0a01020a
[LOG] SystemI::createSound                     :     add node to async list : head = 0000000024139D50.  list count = 2
[LOG] SystemI::createSoundInternal             :     done.  OpenState now = FMOD_OPENSTATE_READY.

<<<<<<< HEAD
[LOG] AsyncThread::threadFunc                  : Finished Asynchronous operation on sound 00000000003CD478
[LOG] AsyncThread::threadFunc                  : Starting Asynchronous operation on sound 0000000024ADFCA8
[LOG] SystemI::createSoundInternal             :     filename = C:/Users/iain.dowling/Desktop/StrainAlpha/StrainAlpha/Assets/Sounds/StrainAlphaSounds\Build\Desktop/Master Bank.bank : mode 0a010202
=======
[LOG] AsyncThread::threadFunc                  : Finished Asynchronous operation on sound 00000000238A6108
[LOG] AsyncThread::threadFunc                  : Starting Asynchronous operation on sound 00000000238A7238
[LOG] SystemI::createSoundInternal             :     filename = C:/Users/andrew.giannopoulos/Documents/StrainAlpha/StrainAlpha/Assets/Sounds/StrainAlphaSounds\Build\Desktop/Master Bank.bank : mode 0a010202
>>>>>>> c9d48a56ce83900398f11412d783c818ddd8ee2c
[LOG] SystemI::createSoundInternal             :     exinfo->cbsize             = 216
[LOG] SystemI::createSoundInternal             :     exinfo->length             = 945568
[LOG] SystemI::createSoundInternal             :     exinfo->fileoffset         = 9728
[LOG] SystemI::createSoundInternal             :     exinfo->numsubsounds       = 1
<<<<<<< HEAD
[LOG] SystemI::createSoundInternal             :     exinfo->inclusionlist      = 0000000024DDEC98
=======
[LOG] SystemI::createSoundInternal             :     exinfo->inclusionlist      = 0000000023674358
>>>>>>> c9d48a56ce83900398f11412d783c818ddd8ee2c
[LOG] SystemI::createSoundInternal             :     exinfo->inclusionlistnum   = 1
[LOG] SystemI::createSoundInternal             :     exinfo->suggestedsoundtype = 5
[LOG] SystemI::createSoundInternal             :     exinfo->initialseekpostype = 1
[LOG] SystemI::createSoundInternal             :     Format has 1 subsounds.
[LOG] SystemI::createSoundInternal             :     Create as FMOD_CREATESAMPLE
[LOG] SystemI::createSoundInternal             :     Multi-sample sound (1 subsounds), create a sample container.
[LOG] SystemI::createSoundInternal             :     creating subsound 0/1
[LOG] SystemI::createSample                    :     mode 0a010202 length 39590 samples, lengthbytes 11712
[LOG] SystemI::createSample                    :     channels = 2
<<<<<<< HEAD
[LOG] SystemI::createSample                    :     output = 0000000032959EE8
[LOG] OutputSoftware::createSample             :     lengthpcm 39590, lengthbytes 11712, channels 2, format 2, freq 48000, mode 0a01020a
[LOG] SystemI::createSoundInternal             :     done.  OpenState now = FMOD_OPENSTATE_READY.

[LOG] AsyncThread::threadFunc                  : Finished Asynchronous operation on sound 0000000024ADFCA8
[LOG] AsyncThread::threadFunc                  : Starting Asynchronous operation on sound 0000000024ADFE38
[LOG] SystemI::createSoundInternal             :     filename = C:/Users/iain.dowling/Desktop/StrainAlpha/StrainAlpha/Assets/Sounds/StrainAlphaSounds\Build\Desktop/Master Bank.bank : mode 0a010202
=======
[LOG] SystemI::createSample                    :     output = 00000000238A8AF8
[LOG] OutputSoftware::createSample             :     lengthpcm 39590, lengthbytes 11712, channels 2, format 2, freq 48000, mode 0a01020a
[LOG] SystemI::createSoundInternal             :     done.  OpenState now = FMOD_OPENSTATE_READY.

[LOG] AsyncThread::threadFunc                  : Finished Asynchronous operation on sound 00000000238A7238
[LOG] AsyncThread::threadFunc                  : Starting Asynchronous operation on sound 00000000231B33F8
[LOG] SystemI::createSoundInternal             :     filename = C:/Users/andrew.giannopoulos/Documents/StrainAlpha/StrainAlpha/Assets/Sounds/StrainAlphaSounds\Build\Desktop/Master Bank.bank : mode 0a010202
>>>>>>> c9d48a56ce83900398f11412d783c818ddd8ee2c
[LOG] SystemI::createSoundInternal             :     exinfo->cbsize             = 216
[LOG] SystemI::createSoundInternal             :     exinfo->length             = 945568
[LOG] SystemI::createSoundInternal             :     exinfo->fileoffset         = 9728
[LOG] SystemI::createSoundInternal             :     exinfo->numsubsounds       = 1
<<<<<<< HEAD
[LOG] SystemI::createSoundInternal             :     exinfo->inclusionlist      = 0000000024DDF198
=======
[LOG] SystemI::createSoundInternal             :     exinfo->inclusionlist      = 0000000023673F98
>>>>>>> c9d48a56ce83900398f11412d783c818ddd8ee2c
[LOG] SystemI::createSoundInternal             :     exinfo->inclusionlistnum   = 1
[LOG] SystemI::createSoundInternal             :     exinfo->suggestedsoundtype = 5
[LOG] SystemI::createSoundInternal             :     exinfo->initialseekpostype = 1
[LOG] SystemI::createSoundInternal             :     Format has 1 subsounds.
[LOG] SystemI::createSoundInternal             :     Create as FMOD_CREATESAMPLE
[LOG] SystemI::createSoundInternal             :     Multi-sample sound (1 subsounds), create a sample container.
[LOG] SystemI::createSoundInternal             :     creating subsound 0/1
[LOG] SystemI::createSample                    :     mode 0a010202 length 37129 samples, lengthbytes 10912
[LOG] SystemI::createSample                    :     channels = 2
<<<<<<< HEAD
[LOG] SystemI::createSample                    :     output = 0000000032959EE8
[LOG] OutputSoftware::createSample             :     lengthpcm 37129, lengthbytes 10912, channels 2, format 2, freq 48000, mode 0a01020a
[LOG] SystemI::createSoundInternal             :     done.  OpenState now = FMOD_OPENSTATE_READY.

[LOG] AsyncThread::threadFunc                  : Finished Asynchronous operation on sound 0000000024ADFE38
[LOG] AsyncThread::threadFunc                  : Starting Asynchronous operation on sound 0000000024ADFFC8
[LOG] SystemI::createSoundInternal             :     filename = C:/Users/iain.dowling/Desktop/StrainAlpha/StrainAlpha/Assets/Sounds/StrainAlphaSounds\Build\Desktop/Master Bank.bank : mode 0a010202
=======
[LOG] SystemI::createSample                    :     output = 00000000238A8AF8
[LOG] OutputSoftware::createSample             :     lengthpcm 37129, lengthbytes 10912, channels 2, format 2, freq 48000, mode 0a01020a
[LOG] SystemI::createSoundInternal             :     done.  OpenState now = FMOD_OPENSTATE_READY.

[LOG] AsyncThread::threadFunc                  : Finished Asynchronous operation on sound 00000000231B33F8
[LOG] AsyncThread::threadFunc                  : Starting Asynchronous operation on sound 000000001A19C618
[LOG] SystemI::createSoundInternal             :     filename = C:/Users/andrew.giannopoulos/Documents/StrainAlpha/StrainAlpha/Assets/Sounds/StrainAlphaSounds\Build\Desktop/Master Bank.bank : mode 0a010202
>>>>>>> c9d48a56ce83900398f11412d783c818ddd8ee2c
[LOG] SystemI::createSoundInternal             :     exinfo->cbsize             = 216
[LOG] SystemI::createSoundInternal             :     exinfo->length             = 945568
[LOG] SystemI::createSoundInternal             :     exinfo->fileoffset         = 9728
[LOG] SystemI::createSoundInternal             :     exinfo->numsubsounds       = 1
<<<<<<< HEAD
[LOG] SystemI::createSoundInternal             :     exinfo->inclusionlist      = 0000000024DDF2D8
=======
[LOG] SystemI::createSoundInternal             :     exinfo->inclusionlist      = 00000000236745D8
>>>>>>> c9d48a56ce83900398f11412d783c818ddd8ee2c
[LOG] SystemI::createSoundInternal             :     exinfo->inclusionlistnum   = 1
[WRN] SoundSourceInstrumentInstance::startChannelIfReady :     Loading delay exceeded, sound may play at incorrect time
[LOG] SystemI::createSoundInternal             :     exinfo->suggestedsoundtype = 5
[LOG] SystemI::createSoundInternal             :     exinfo->initialseekpostype = 1
[LOG] SystemI::createSoundInternal             :     Format has 1 subsounds.
[LOG] SystemI::createSoundInternal             :     Create as FMOD_CREATESAMPLE
[LOG] SystemI::createSoundInternal             :     Multi-sample sound (1 subsounds), create a sample container.
[LOG] SystemI::createSoundInternal             :     creating subsound 0/1
[LOG] SystemI::createSample                    :     mode 0a010202 length 39673 samples, lengthbytes 11392
[LOG] SystemI::createSample                    :     channels = 2
<<<<<<< HEAD
[LOG] SystemI::createSample                    :     output = 0000000032959EE8
[LOG] OutputSoftware::createSample             :     lengthpcm 39673, lengthbytes 11392, channels 2, format 2, freq 48000, mode 0a01020a
[LOG] SystemI::createSoundInternal             :     done.  OpenState now = FMOD_OPENSTATE_READY.

[LOG] AsyncThread::threadFunc                  : Finished Asynchronous operation on sound 0000000024ADFFC8
[WRN] SoundSourceInstrumentInstance::startChannelIfReady : Loading delay exceeded, sound may play at incorrect time
[LOG] SoundI::release                          : (null) (00000000003CD478)
[LOG] SoundI::release                          : release subsounds. (00000000003CD478)
[LOG] SoundI::release                          :     (null) (0000000032E68C68)
[LOG] SoundI::release                          : release codec. (00000000003CD478)
[LOG] SoundI::release                          : (null) (0000000024ADFCA8)
[LOG] SoundI::release                          : release subsounds. (0000000024ADFCA8)
[LOG] SoundI::release                          :     (null) (0000000032E6A888)
[LOG] SoundI::release                          : release codec. (0000000024ADFCA8)
[LOG] SoundI::release                          : (null) (0000000024ADFE38)
[LOG] SoundI::release                          : release subsounds. (0000000024ADFE38)
[LOG] SoundI::release                          :     (null) (0000000032E68628)
[LOG] SoundI::release                          : release codec. (0000000024ADFE38)
[LOG] SoundI::release                          : (null) (0000000024ADFFC8)
[LOG] SoundI::release                          : release subsounds. (0000000024ADFFC8)
[LOG] SoundI::release                          :     (null) (0000000032E6A3D8)
[LOG] SoundI::release                          : release codec. (0000000024ADFFC8)
=======
[LOG] SystemI::createSample                    :     output = 00000000238A8AF8
[LOG] OutputSoftware::createSample             :     lengthpcm 39673, lengthbytes 11392, channels 2, format 2, freq 48000, mode 0a01020a
[LOG] SystemI::createSoundInternal             :     done.  OpenState now = FMOD_OPENSTATE_READY.

[LOG] AsyncThread::threadFunc                  : Finished Asynchronous operation on sound 000000001A19C618
[LOG] System::create                           : Header version = 1.07.00. Current version = 1.07.00.
[LOG] SystemI::init                            : FMOD Studio Version: 00010700 (121212)
[LOG] SystemI::init                            : maxchannels = 256, flags = 00020000, extradriverdata = 0000000000000000
[LOG] SystemI::close                           : 
[LOG] SystemI::close                           : Stop all sounds
[LOG] SystemI::close                           : Remove miscllaneous DSP stuff.
[LOG] SystemI::close                           : done.

[LOG] OutputWASAPI::init                       : Mix Format (WAVEFORMATEX): wFormatTag=0xFFFE, nChannels=2, nSamplesPerSec=48000, nAvgBytesPerSec=384000, nBlockAlign=8, wBitsPerSample=32, cbSize=22.
[LOG] OutputWASAPI::init                       : Mix Format (WAVEFORMATEXTENSIBLE): wValidBitsPerSample=32, dwChannelMask=0x00000003, SubFormat=00000003-0000-0010-8000-00AA00389B71.
[LOG] Thread::initThread                       : Initializing FMOD (WASAPI) feeder thread.  priority 0
[LOG] Thread::initThread                       : - Stacksize 0.  Stack pointer 0000000000000000 : usesemaphore = 0 : sleeptime = 0
[LOG] Thread::callback                         : * FMOD (WASAPI) feeder thread started
[LOG] Thread::initThread                       : Initializing FMOD mixer thread.  priority 2
[LOG] OutputWASAPI::feederUpdate               : WASAPI feeder thread set to 'Audio' characteristic
[LOG] Thread::initThread                       : - Stacksize 49152.  Stack pointer 0000000000000000 : usesemaphore = 1 : sleeptime = 0
[LOG] Thread::callback                         : * FMOD mixer thread started
[LOG] SystemI::init                            : Set up emulated output
[LOG] SystemI::init                            : create the channel pool
[LOG] SystemI::init                            : Set up streamer
[LOG] Thread::initThread                       : Initializing FMOD stream thread.  priority 2
[LOG] Thread::initThread                       : - Stacksize 65536.  Stack pointer 0000000000000000 : usesemaphore = 0 : sleeptime = 10
[LOG] Thread::callback                         : * FMOD stream thread started
[LOG] Thread::initThread                       : Initializing FMOD Studio load thread.  priority 0
[LOG] Thread::initThread                       : - Stacksize 65536.  Stack pointer 0000000000000000 : usesemaphore = 0 : sleeptime = 1
[LOG] Thread::callback                         : * FMOD Studio load thread started
[LOG] Manager::readBank                        : fileversion = 67, compatVersion = 67 (oldest = 44, newest = 68)
[LOG] Manager::readBank                        : fileversion = 67, compatVersion = 67 (oldest = 44, newest = 68)
[LOG] SoundI::release                          : (null) (00000000238A6108)
[LOG] SoundI::release                          : release subsounds. (00000000238A6108)
[LOG] SoundI::release                          :     (null) (00000000238A6A68)
[LOG] SoundI::release                          : release codec. (00000000238A6108)
[LOG] SoundI::release                          : (null) (00000000238A7238)
[LOG] SoundI::release                          : release subsounds. (00000000238A7238)
[LOG] SoundI::release                          :     (null) (00000000231B3268)
[LOG] SoundI::release                          : release codec. (00000000238A7238)
[LOG] SoundI::release                          : (null) (00000000231B33F8)
[LOG] SoundI::release                          : release subsounds. (00000000231B33F8)
[LOG] SoundI::release                          :     (null) (00000000238A6748)
[LOG] SoundI::release                          : release codec. (00000000231B33F8)
[LOG] SoundI::release                          : (null) (000000001A19C618)
[LOG] SoundI::release                          : release subsounds. (000000001A19C618)
[LOG] SoundI::release                          :     (null) (0000000023150188)
[LOG] SoundI::release                          : release codec. (000000001A19C618)
>>>>>>> c9d48a56ce83900398f11412d783c818ddd8ee2c
[LOG] Thread::callback                         : * FMOD Studio update thread finished
[LOG] Thread::close                            : FMOD Studio update thread thread destroyed
[LOG] Thread::callback                         : * FMOD Studio load thread finished
[LOG] Thread::close                            : FMOD Studio load thread thread destroyed
[LOG] Profile::disconnectAll                   : Profiler disconnecting all clients
[LOG] LiveUpdate::release                      : 
[LOG] SystemI::close                           : 
[LOG] SystemI::close                           : Stop all sounds
[LOG] Thread::callback                         : * FMOD stream thread finished
[LOG] Thread::close                            : FMOD stream thread thread destroyed
[LOG] SystemI::close                           : Stream thread destroyed
[LOG] SystemI::close                           : Shut down output.
[LOG] Thread::callback                         : * FMOD (WASAPI) feeder thread finished
[LOG] Thread::close                            : FMOD (WASAPI) feeder thread thread destroyed
[LOG] Thread::callback                         : * FMOD mixer thread finished
[LOG] Thread::close                            : FMOD mixer thread thread destroyed
[LOG] SystemI::close                           : Free master channel group.
[LOG] SystemI::close                           : Remove 'master' sound group.
[LOG] SystemI::close                           : Free software output.
[LOG] SystemI::close                           : Free emulated output.
[LOG] SystemI::close                           : Free channel pool.
[LOG] SystemI::close                           : Remove miscllaneous DSP stuff.
[LOG] SystemI::close                           : done.

